Determining if the pthread_create exist failed with the following output:
Change Dir: /home/pi/Desktop/w9s1_slam/build/CMakeFiles/CMakeTmp

Run Build Command:"/usr/bin/make" "cmTC_d2dbf/fast"
/usr/bin/make -f CMakeFiles/cmTC_d2dbf.dir/build.make CMakeFiles/cmTC_d2dbf.dir/build
make[1]: Entering directory '/home/pi/Desktop/w9s1_slam/build/CMakeFiles/CMakeTmp'
Building C object CMakeFiles/cmTC_d2dbf.dir/CheckSymbolExists.c.o
/usr/bin/cc     -o CMakeFiles/cmTC_d2dbf.dir/CheckSymbolExists.c.o   -c /home/pi/Desktop/w9s1_slam/build/CMakeFiles/CMakeTmp/CheckSymbolExists.c
Linking C executable cmTC_d2dbf
/usr/bin/cmake -E cmake_link_script CMakeFiles/cmTC_d2dbf.dir/link.txt --verbose=1
/usr/bin/cc       CMakeFiles/cmTC_d2dbf.dir/CheckSymbolExists.c.o  -o cmTC_d2dbf -rdynamic 
CMakeFiles/cmTC_d2dbf.dir/CheckSymbolExists.c.o: In function `main':
CheckSymbolExists.c:(.text+0x38): undefined reference to `pthread_create'
collect2: error: ld returned 1 exit status
CMakeFiles/cmTC_d2dbf.dir/build.make:97: recipe for target 'cmTC_d2dbf' failed
make[1]: *** [cmTC_d2dbf] Error 1
make[1]: Leaving directory '/home/pi/Desktop/w9s1_slam/build/CMakeFiles/CMakeTmp'
Makefile:126: recipe for target 'cmTC_d2dbf/fast' failed
make: *** [cmTC_d2dbf/fast] Error 2

File /home/pi/Desktop/w9s1_slam/build/CMakeFiles/CMakeTmp/CheckSymbolExists.c:
/* */
#include <pthread.h>

int main(int argc, char** argv)
{
  (void)argv;
#ifndef pthread_create
  return ((int*)(&pthread_create))[argc];
#else
  (void)argc;
  return 0;
#endif
}

Determining if the function pthread_create exists in the pthreads failed with the following output:
Change Dir: /home/pi/Desktop/w9s1_slam/build/CMakeFiles/CMakeTmp

Run Build Command:"/usr/bin/make" "cmTC_dfc07/fast"
/usr/bin/make -f CMakeFiles/cmTC_dfc07.dir/build.make CMakeFiles/cmTC_dfc07.dir/build
make[1]: Entering directory '/home/pi/Desktop/w9s1_slam/build/CMakeFiles/CMakeTmp'
Building C object CMakeFiles/cmTC_dfc07.dir/CheckFunctionExists.c.o
/usr/bin/cc    -DCHECK_FUNCTION_EXISTS=pthread_create   -o CMakeFiles/cmTC_dfc07.dir/CheckFunctionExists.c.o   -c /usr/share/cmake-3.7/Modules/CheckFunctionExists.c
Linking C executable cmTC_dfc07
/usr/bin/cmake -E cmake_link_script CMakeFiles/cmTC_dfc07.dir/link.txt --verbose=1
/usr/bin/cc   -DCHECK_FUNCTION_EXISTS=pthread_create    CMakeFiles/cmTC_dfc07.dir/CheckFunctionExists.c.o  -o cmTC_dfc07 -rdynamic -lpthreads 
/usr/bin/ld: cannot find -lpthreads
collect2: error: ld returned 1 exit status
CMakeFiles/cmTC_dfc07.dir/build.make:97: recipe for target 'cmTC_dfc07' failed
make[1]: *** [cmTC_dfc07] Error 1
make[1]: Leaving directory '/home/pi/Desktop/w9s1_slam/build/CMakeFiles/CMakeTmp'
Makefile:126: recipe for target 'cmTC_dfc07/fast' failed
make: *** [cmTC_dfc07/fast] Error 2


Determining if the Q_WS_WIN exist failed with the following output:
Change Dir: /home/pi/Desktop/w9s1_slam/build/CMakeFiles/CMakeTmp

Run Build Command:"/usr/bin/make" "cmTC_f1abb/fast"
/usr/bin/make -f CMakeFiles/cmTC_f1abb.dir/build.make CMakeFiles/cmTC_f1abb.dir/build
make[1]: Entering directory '/home/pi/Desktop/w9s1_slam/build/CMakeFiles/CMakeTmp'
Building CXX object CMakeFiles/cmTC_f1abb.dir/CheckSymbolExists.cxx.o
/usr/bin/c++    -I/usr/include/qt4   -o CMakeFiles/cmTC_f1abb.dir/CheckSymbolExists.cxx.o -c /home/pi/Desktop/w9s1_slam/build/CMakeFiles/CMakeTmp/CheckSymbolExists.cxx
/home/pi/Desktop/w9s1_slam/build/CMakeFiles/CMakeTmp/CheckSymbolExists.cxx: In function ‘int main(int, char**)’:
/home/pi/Desktop/w9s1_slam/build/CMakeFiles/CMakeTmp/CheckSymbolExists.cxx:8:19: error: ‘Q_WS_WIN’ was not declared in this scope
   return ((int*)(&Q_WS_WIN))[argc];
                   ^~~~~~~~
CMakeFiles/cmTC_f1abb.dir/build.make:65: recipe for target 'CMakeFiles/cmTC_f1abb.dir/CheckSymbolExists.cxx.o' failed
make[1]: *** [CMakeFiles/cmTC_f1abb.dir/CheckSymbolExists.cxx.o] Error 1
make[1]: Leaving directory '/home/pi/Desktop/w9s1_slam/build/CMakeFiles/CMakeTmp'
Makefile:126: recipe for target 'cmTC_f1abb/fast' failed
make: *** [cmTC_f1abb/fast] Error 2

File /home/pi/Desktop/w9s1_slam/build/CMakeFiles/CMakeTmp/CheckSymbolExists.cxx:
/* */
#include <QtCore/qglobal.h>

int main(int argc, char** argv)
{
  (void)argv;
#ifndef Q_WS_WIN
  return ((int*)(&Q_WS_WIN))[argc];
#else
  (void)argc;
  return 0;
#endif
}

Determining if the Q_WS_QWS exist failed with the following output:
Change Dir: /home/pi/Desktop/w9s1_slam/build/CMakeFiles/CMakeTmp

Run Build Command:"/usr/bin/make" "cmTC_4e37f/fast"
/usr/bin/make -f CMakeFiles/cmTC_4e37f.dir/build.make CMakeFiles/cmTC_4e37f.dir/build
make[1]: Entering directory '/home/pi/Desktop/w9s1_slam/build/CMakeFiles/CMakeTmp'
Building CXX object CMakeFiles/cmTC_4e37f.dir/CheckSymbolExists.cxx.o
/usr/bin/c++    -I/usr/include/qt4   -o CMakeFiles/cmTC_4e37f.dir/CheckSymbolExists.cxx.o -c /home/pi/Desktop/w9s1_slam/build/CMakeFiles/CMakeTmp/CheckSymbolExists.cxx
/home/pi/Desktop/w9s1_slam/build/CMakeFiles/CMakeTmp/CheckSymbolExists.cxx: In function ‘int main(int, char**)’:
/home/pi/Desktop/w9s1_slam/build/CMakeFiles/CMakeTmp/CheckSymbolExists.cxx:8:19: error: ‘Q_WS_QWS’ was not declared in this scope
   return ((int*)(&Q_WS_QWS))[argc];
                   ^~~~~~~~
CMakeFiles/cmTC_4e37f.dir/build.make:65: recipe for target 'CMakeFiles/cmTC_4e37f.dir/CheckSymbolExists.cxx.o' failed
make[1]: *** [CMakeFiles/cmTC_4e37f.dir/CheckSymbolExists.cxx.o] Error 1
make[1]: Leaving directory '/home/pi/Desktop/w9s1_slam/build/CMakeFiles/CMakeTmp'
Makefile:126: recipe for target 'cmTC_4e37f/fast' failed
make: *** [cmTC_4e37f/fast] Error 2

File /home/pi/Desktop/w9s1_slam/build/CMakeFiles/CMakeTmp/CheckSymbolExists.cxx:
/* */
#include <QtCore/qglobal.h>

int main(int argc, char** argv)
{
  (void)argv;
#ifndef Q_WS_QWS
  return ((int*)(&Q_WS_QWS))[argc];
#else
  (void)argc;
  return 0;
#endif
}

Determining if the Q_WS_MAC exist failed with the following output:
Change Dir: /home/pi/Desktop/w9s1_slam/build/CMakeFiles/CMakeTmp

Run Build Command:"/usr/bin/make" "cmTC_b8ef1/fast"
/usr/bin/make -f CMakeFiles/cmTC_b8ef1.dir/build.make CMakeFiles/cmTC_b8ef1.dir/build
make[1]: Entering directory '/home/pi/Desktop/w9s1_slam/build/CMakeFiles/CMakeTmp'
Building CXX object CMakeFiles/cmTC_b8ef1.dir/CheckSymbolExists.cxx.o
/usr/bin/c++    -I/usr/include/qt4   -o CMakeFiles/cmTC_b8ef1.dir/CheckSymbolExists.cxx.o -c /home/pi/Desktop/w9s1_slam/build/CMakeFiles/CMakeTmp/CheckSymbolExists.cxx
/home/pi/Desktop/w9s1_slam/build/CMakeFiles/CMakeTmp/CheckSymbolExists.cxx: In function ‘int main(int, char**)’:
/home/pi/Desktop/w9s1_slam/build/CMakeFiles/CMakeTmp/CheckSymbolExists.cxx:8:19: error: ‘Q_WS_MAC’ was not declared in this scope
   return ((int*)(&Q_WS_MAC))[argc];
                   ^~~~~~~~
CMakeFiles/cmTC_b8ef1.dir/build.make:65: recipe for target 'CMakeFiles/cmTC_b8ef1.dir/CheckSymbolExists.cxx.o' failed
make[1]: *** [CMakeFiles/cmTC_b8ef1.dir/CheckSymbolExists.cxx.o] Error 1
make[1]: Leaving directory '/home/pi/Desktop/w9s1_slam/build/CMakeFiles/CMakeTmp'
Makefile:126: recipe for target 'cmTC_b8ef1/fast' failed
make: *** [cmTC_b8ef1/fast] Error 2

File /home/pi/Desktop/w9s1_slam/build/CMakeFiles/CMakeTmp/CheckSymbolExists.cxx:
/* */
#include <QtCore/qglobal.h>

int main(int argc, char** argv)
{
  (void)argv;
#ifndef Q_WS_MAC
  return ((int*)(&Q_WS_MAC))[argc];
#else
  (void)argc;
  return 0;
#endif
}

