Determining if the pthread_create exist failed with the following output:
Change Dir: /home/pi/Desktop/w9s1_slam/build/CMakeFiles/CMakeTmp

Run Build Command:"/usr/bin/make" "cmTC_655f3/fast"
/usr/bin/make -f CMakeFiles/cmTC_655f3.dir/build.make CMakeFiles/cmTC_655f3.dir/build
make[1]: Entering directory '/home/pi/Desktop/w9s1_slam/build/CMakeFiles/CMakeTmp'
Building C object CMakeFiles/cmTC_655f3.dir/CheckSymbolExists.c.o
/usr/bin/cc     -o CMakeFiles/cmTC_655f3.dir/CheckSymbolExists.c.o   -c /home/pi/Desktop/w9s1_slam/build/CMakeFiles/CMakeTmp/CheckSymbolExists.c
Linking C executable cmTC_655f3
/usr/bin/cmake -E cmake_link_script CMakeFiles/cmTC_655f3.dir/link.txt --verbose=1
/usr/bin/cc       CMakeFiles/cmTC_655f3.dir/CheckSymbolExists.c.o  -o cmTC_655f3 -rdynamic 
CMakeFiles/cmTC_655f3.dir/CheckSymbolExists.c.o: In function `main':
CheckSymbolExists.c:(.text+0x38): undefined reference to `pthread_create'
collect2: error: ld returned 1 exit status
CMakeFiles/cmTC_655f3.dir/build.make:97: recipe for target 'cmTC_655f3' failed
make[1]: *** [cmTC_655f3] Error 1
make[1]: Leaving directory '/home/pi/Desktop/w9s1_slam/build/CMakeFiles/CMakeTmp'
Makefile:126: recipe for target 'cmTC_655f3/fast' failed
make: *** [cmTC_655f3/fast] Error 2

File /home/pi/Desktop/w9s1_slam/build/CMakeFiles/CMakeTmp/CheckSymbolExists.c:
/* */
#include <pthread.h>

int main(int argc, char** argv)
{
  (void)argv;
#ifndef pthread_create
  return ((int*)(&pthread_create))[argc];
#else
  (void)argc;
  return 0;
#endif
}

Determining if the function pthread_create exists in the pthreads failed with the following output:
Change Dir: /home/pi/Desktop/w9s1_slam/build/CMakeFiles/CMakeTmp

Run Build Command:"/usr/bin/make" "cmTC_f9d2f/fast"
/usr/bin/make -f CMakeFiles/cmTC_f9d2f.dir/build.make CMakeFiles/cmTC_f9d2f.dir/build
make[1]: Entering directory '/home/pi/Desktop/w9s1_slam/build/CMakeFiles/CMakeTmp'
Building C object CMakeFiles/cmTC_f9d2f.dir/CheckFunctionExists.c.o
/usr/bin/cc    -DCHECK_FUNCTION_EXISTS=pthread_create   -o CMakeFiles/cmTC_f9d2f.dir/CheckFunctionExists.c.o   -c /usr/share/cmake-3.7/Modules/CheckFunctionExists.c
Linking C executable cmTC_f9d2f
/usr/bin/cmake -E cmake_link_script CMakeFiles/cmTC_f9d2f.dir/link.txt --verbose=1
/usr/bin/cc   -DCHECK_FUNCTION_EXISTS=pthread_create    CMakeFiles/cmTC_f9d2f.dir/CheckFunctionExists.c.o  -o cmTC_f9d2f -rdynamic -lpthreads 
/usr/bin/ld: cannot find -lpthreads
collect2: error: ld returned 1 exit status
CMakeFiles/cmTC_f9d2f.dir/build.make:97: recipe for target 'cmTC_f9d2f' failed
make[1]: *** [cmTC_f9d2f] Error 1
make[1]: Leaving directory '/home/pi/Desktop/w9s1_slam/build/CMakeFiles/CMakeTmp'
Makefile:126: recipe for target 'cmTC_f9d2f/fast' failed
make: *** [cmTC_f9d2f/fast] Error 2


Determining if the Q_WS_WIN exist failed with the following output:
Change Dir: /home/pi/Desktop/w9s1_slam/build/CMakeFiles/CMakeTmp

Run Build Command:"/usr/bin/make" "cmTC_cbc80/fast"
/usr/bin/make -f CMakeFiles/cmTC_cbc80.dir/build.make CMakeFiles/cmTC_cbc80.dir/build
make[1]: Entering directory '/home/pi/Desktop/w9s1_slam/build/CMakeFiles/CMakeTmp'
Building CXX object CMakeFiles/cmTC_cbc80.dir/CheckSymbolExists.cxx.o
/usr/bin/c++    -I/usr/include/qt4   -o CMakeFiles/cmTC_cbc80.dir/CheckSymbolExists.cxx.o -c /home/pi/Desktop/w9s1_slam/build/CMakeFiles/CMakeTmp/CheckSymbolExists.cxx
/home/pi/Desktop/w9s1_slam/build/CMakeFiles/CMakeTmp/CheckSymbolExists.cxx: In function ‘int main(int, char**)’:
/home/pi/Desktop/w9s1_slam/build/CMakeFiles/CMakeTmp/CheckSymbolExists.cxx:8:19: error: ‘Q_WS_WIN’ was not declared in this scope
   return ((int*)(&Q_WS_WIN))[argc];
                   ^~~~~~~~
CMakeFiles/cmTC_cbc80.dir/build.make:65: recipe for target 'CMakeFiles/cmTC_cbc80.dir/CheckSymbolExists.cxx.o' failed
make[1]: *** [CMakeFiles/cmTC_cbc80.dir/CheckSymbolExists.cxx.o] Error 1
make[1]: Leaving directory '/home/pi/Desktop/w9s1_slam/build/CMakeFiles/CMakeTmp'
Makefile:126: recipe for target 'cmTC_cbc80/fast' failed
make: *** [cmTC_cbc80/fast] Error 2

File /home/pi/Desktop/w9s1_slam/build/CMakeFiles/CMakeTmp/CheckSymbolExists.cxx:
/* */
#include <QtCore/qglobal.h>

int main(int argc, char** argv)
{
  (void)argv;
#ifndef Q_WS_WIN
  return ((int*)(&Q_WS_WIN))[argc];
#else
  (void)argc;
  return 0;
#endif
}

Determining if the Q_WS_QWS exist failed with the following output:
Change Dir: /home/pi/Desktop/w9s1_slam/build/CMakeFiles/CMakeTmp

Run Build Command:"/usr/bin/make" "cmTC_337ea/fast"
/usr/bin/make -f CMakeFiles/cmTC_337ea.dir/build.make CMakeFiles/cmTC_337ea.dir/build
make[1]: Entering directory '/home/pi/Desktop/w9s1_slam/build/CMakeFiles/CMakeTmp'
Building CXX object CMakeFiles/cmTC_337ea.dir/CheckSymbolExists.cxx.o
/usr/bin/c++    -I/usr/include/qt4   -o CMakeFiles/cmTC_337ea.dir/CheckSymbolExists.cxx.o -c /home/pi/Desktop/w9s1_slam/build/CMakeFiles/CMakeTmp/CheckSymbolExists.cxx
/home/pi/Desktop/w9s1_slam/build/CMakeFiles/CMakeTmp/CheckSymbolExists.cxx: In function ‘int main(int, char**)’:
/home/pi/Desktop/w9s1_slam/build/CMakeFiles/CMakeTmp/CheckSymbolExists.cxx:8:19: error: ‘Q_WS_QWS’ was not declared in this scope
   return ((int*)(&Q_WS_QWS))[argc];
                   ^~~~~~~~
CMakeFiles/cmTC_337ea.dir/build.make:65: recipe for target 'CMakeFiles/cmTC_337ea.dir/CheckSymbolExists.cxx.o' failed
make[1]: *** [CMakeFiles/cmTC_337ea.dir/CheckSymbolExists.cxx.o] Error 1
make[1]: Leaving directory '/home/pi/Desktop/w9s1_slam/build/CMakeFiles/CMakeTmp'
Makefile:126: recipe for target 'cmTC_337ea/fast' failed
make: *** [cmTC_337ea/fast] Error 2

File /home/pi/Desktop/w9s1_slam/build/CMakeFiles/CMakeTmp/CheckSymbolExists.cxx:
/* */
#include <QtCore/qglobal.h>

int main(int argc, char** argv)
{
  (void)argv;
#ifndef Q_WS_QWS
  return ((int*)(&Q_WS_QWS))[argc];
#else
  (void)argc;
  return 0;
#endif
}

Determining if the Q_WS_MAC exist failed with the following output:
Change Dir: /home/pi/Desktop/w9s1_slam/build/CMakeFiles/CMakeTmp

Run Build Command:"/usr/bin/make" "cmTC_8b7eb/fast"
/usr/bin/make -f CMakeFiles/cmTC_8b7eb.dir/build.make CMakeFiles/cmTC_8b7eb.dir/build
make[1]: Entering directory '/home/pi/Desktop/w9s1_slam/build/CMakeFiles/CMakeTmp'
Building CXX object CMakeFiles/cmTC_8b7eb.dir/CheckSymbolExists.cxx.o
/usr/bin/c++    -I/usr/include/qt4   -o CMakeFiles/cmTC_8b7eb.dir/CheckSymbolExists.cxx.o -c /home/pi/Desktop/w9s1_slam/build/CMakeFiles/CMakeTmp/CheckSymbolExists.cxx
/home/pi/Desktop/w9s1_slam/build/CMakeFiles/CMakeTmp/CheckSymbolExists.cxx: In function ‘int main(int, char**)’:
/home/pi/Desktop/w9s1_slam/build/CMakeFiles/CMakeTmp/CheckSymbolExists.cxx:8:19: error: ‘Q_WS_MAC’ was not declared in this scope
   return ((int*)(&Q_WS_MAC))[argc];
                   ^~~~~~~~
CMakeFiles/cmTC_8b7eb.dir/build.make:65: recipe for target 'CMakeFiles/cmTC_8b7eb.dir/CheckSymbolExists.cxx.o' failed
make[1]: *** [CMakeFiles/cmTC_8b7eb.dir/CheckSymbolExists.cxx.o] Error 1
make[1]: Leaving directory '/home/pi/Desktop/w9s1_slam/build/CMakeFiles/CMakeTmp'
Makefile:126: recipe for target 'cmTC_8b7eb/fast' failed
make: *** [cmTC_8b7eb/fast] Error 2

File /home/pi/Desktop/w9s1_slam/build/CMakeFiles/CMakeTmp/CheckSymbolExists.cxx:
/* */
#include <QtCore/qglobal.h>

int main(int argc, char** argv)
{
  (void)argv;
#ifndef Q_WS_MAC
  return ((int*)(&Q_WS_MAC))[argc];
#else
  (void)argc;
  return 0;
#endif
}

